<?xml version="1.0" encoding="UTF-8"?>
<!-- Generated by org.testng.reporters.JUnitReportReporter -->
<testsuite skipped="0" hostname="ip-192-168-100-3.us-west-2.compute.internal" name="FashionCloud.ToDoList.AppTest" tests="1" failures="0" timestamp="05 Sep 2021 17:52:31 GMT" time="26.048" errors="0">
  <testcase name="verifyTasks" time="26.048" classname="FashionCloud.ToDoList.AppTest"/>
</testsuite> <!-- FashionCloud.ToDoList.AppTest -->
